  Determining projects to restore...
  All projects are up-to-date for restore.
e:\Project\ControlHub\src\ControlHub.SharedKernel\Results\Result.cs(39,33): warning CS0108: 'Result<T>.Failure(Error, Exception?)' hides inherited member 'Result.Failure(Error, Exception?)'. Use the new keyword if hiding was intended. [e:\Project\ControlHub\src\ControlHub.SharedKernel\ControlHub.SharedKernel.csproj]
e:\Project\ControlHub\src\ControlHub.SharedKernel\Accounts\AccountErrorsCatalog.cs(14,36): warning CS8602: Dereference of a possibly null reference. [e:\Project\ControlHub\src\ControlHub.SharedKernel\ControlHub.SharedKernel.csproj]
e:\Project\ControlHub\src\ControlHub.SharedKernel\Accounts\AccountErrorsCatalog.cs(14,52): warning CS8602: Dereference of a possibly null reference. [e:\Project\ControlHub\src\ControlHub.SharedKernel\ControlHub.SharedKernel.csproj]
e:\Project\ControlHub\src\ControlHub.SharedKernel\Users\UserErrorsCatalog.cs(15,36): warning CS8602: Dereference of a possibly null reference. [e:\Project\ControlHub\src\ControlHub.SharedKernel\ControlHub.SharedKernel.csproj]
e:\Project\ControlHub\src\ControlHub.SharedKernel\Users\UserErrorsCatalog.cs(15,52): warning CS8602: Dereference of a possibly null reference. [e:\Project\ControlHub\src\ControlHub.SharedKernel\ControlHub.SharedKernel.csproj]
  ControlHub.SharedKernel -> e:\Project\ControlHub\src\ControlHub.SharedKernel\bin\Debug\net8.0\ControlHub.SharedKernel.dll
e:\Project\ControlHub\src\ControlHub.Domain\Roles\Role.cs(24,17): warning CS8618: Non-nullable property 'Name' must contain a non-null value when exiting constructor. Consider adding the 'required' modifier or declaring the property as nullable. [e:\Project\ControlHub\src\ControlHub.Domain\ControlHub.Domain.csproj]
e:\Project\ControlHub\src\ControlHub.Domain\Roles\Role.cs(24,17): warning CS8618: Non-nullable property 'Description' must contain a non-null value when exiting constructor. Consider adding the 'required' modifier or declaring the property as nullable. [e:\Project\ControlHub\src\ControlHub.Domain\ControlHub.Domain.csproj]
e:\Project\ControlHub\src\ControlHub.Domain\Accounts\Identifiers\ValidationRule.cs(16,17): warning CS8618: Non-nullable property 'ParametersJson' must contain a non-null value when exiting constructor. Consider adding the 'required' modifier or declaring the property as nullable. [e:\Project\ControlHub\src\ControlHub.Domain\ControlHub.Domain.csproj]
e:\Project\ControlHub\src\ControlHub.Domain\Accounts\Identifiers\IdentifierConfig.cs(20,17): warning CS8618: Non-nullable property 'Name' must contain a non-null value when exiting constructor. Consider adding the 'required' modifier or declaring the property as nullable. [e:\Project\ControlHub\src\ControlHub.Domain\ControlHub.Domain.csproj]
e:\Project\ControlHub\src\ControlHub.Domain\Accounts\Identifiers\IdentifierConfig.cs(20,17): warning CS8618: Non-nullable property 'Description' must contain a non-null value when exiting constructor. Consider adding the 'required' modifier or declaring the property as nullable. [e:\Project\ControlHub\src\ControlHub.Domain\ControlHub.Domain.csproj]
e:\Project\ControlHub\src\ControlHub.Domain\Accounts\Identifiers\Services\DynamicIdentifierValidator.cs(157,24): warning CS8603: Possible null reference return. [e:\Project\ControlHub\src\ControlHub.Domain\ControlHub.Domain.csproj]
  ControlHub.Domain -> e:\Project\ControlHub\src\ControlHub.Domain\bin\Debug\net8.0\ControlHub.Domain.dll
  ControlHub.Domain.Tests -> e:\Project\ControlHub\tests\ControlHub.Domain.Tests\bin\Debug\net8.0\ControlHub.Domain.Tests.dll
e:\Project\ControlHub\src\ControlHub.Application\Users\Commands\UpdateUsername\UpdateUsernameCommandHandler.cs(59,43): warning CS8604: Possible null reference argument for parameter 'value' in 'Result<string> Result<string>.Success(string value)'. [e:\Project\ControlHub\src\ControlHub.Application\ControlHub.Application.csproj]
e:\Project\ControlHub\src\ControlHub.Application\Accounts\Commands\ToggleIdentifierActive\ToggleIdentifierActiveCommandHandler.cs(24,13): error CS0103: The name '_logger' does not exist in the current context [e:\Project\ControlHub\src\ControlHub.Application\ControlHub.Application.csproj]
e:\Project\ControlHub\src\ControlHub.Application\Accounts\Commands\ToggleIdentifierActive\ToggleIdentifierActiveCommandHandler.cs(25,17): error CS0103: The name 'IdentifierConfigLogs' does not exist in the current context [e:\Project\ControlHub\src\ControlHub.Application\ControlHub.Application.csproj]
e:\Project\ControlHub\src\ControlHub.Application\Accounts\Commands\ToggleIdentifierActive\ToggleIdentifierActiveCommandHandler.cs(32,17): error CS0103: The name '_logger' does not exist in the current context [e:\Project\ControlHub\src\ControlHub.Application\ControlHub.Application.csproj]
e:\Project\ControlHub\src\ControlHub.Application\Accounts\Commands\ToggleIdentifierActive\ToggleIdentifierActiveCommandHandler.cs(33,21): error CS0103: The name 'IdentifierConfigLogs' does not exist in the current context [e:\Project\ControlHub\src\ControlHub.Application\ControlHub.Application.csproj]
e:\Project\ControlHub\src\ControlHub.Application\Accounts\Commands\ToggleIdentifierActive\ToggleIdentifierActiveCommandHandler.cs(51,13): error CS0103: The name '_logger' does not exist in the current context [e:\Project\ControlHub\src\ControlHub.Application\ControlHub.Application.csproj]
e:\Project\ControlHub\src\ControlHub.Application\Accounts\Commands\ToggleIdentifierActive\ToggleIdentifierActiveCommandHandler.cs(52,17): error CS0103: The name 'IdentifierConfigLogs' does not exist in the current context [e:\Project\ControlHub\src\ControlHub.Application\ControlHub.Application.csproj]
e:\Project\ControlHub\src\ControlHub.Application\Permissions\Commands\CreatePermissions\CreatePermissionsCommandHandler.cs(56,82): warning CS8604: Possible null reference argument for parameter 'description' in 'Result<Permission> Permission.Create(Guid id, string code, string description)'. [e:\Project\ControlHub\src\ControlHub.Application\ControlHub.Application.csproj]
e:\Project\ControlHub\src\ControlHub.Application\Common\Behaviors\ValidationBehavior.cs(65,72): warning CS8625: Cannot convert null literal to non-nullable reference type. [e:\Project\ControlHub\src\ControlHub.Application\ControlHub.Application.csproj]
e:\Project\ControlHub\src\ControlHub.Application\Roles\Commands\CreateRoles\CreateRolesCommandHandler.cs(55,33): warning CS8602: Dereference of a possibly null reference. [e:\Project\ControlHub\src\ControlHub.Application\ControlHub.Application.csproj]
e:\Project\ControlHub\src\ControlHub.Application\Roles\Commands\CreateRoles\CreateRolesCommandHandler.cs(132,81): warning CS8604: Possible null reference argument for parameter 'description' in 'Result<Role> CreateRoleWithPermissionsService.Handle(string name, string description, IEnumerable<Permission> validPermissions)'. [e:\Project\ControlHub\src\ControlHub.Application\ControlHub.Application.csproj]

Build FAILED.

e:\Project\ControlHub\src\ControlHub.SharedKernel\Results\Result.cs(39,33): warning CS0108: 'Result<T>.Failure(Error, Exception?)' hides inherited member 'Result.Failure(Error, Exception?)'. Use the new keyword if hiding was intended. [e:\Project\ControlHub\src\ControlHub.SharedKernel\ControlHub.SharedKernel.csproj]
e:\Project\ControlHub\src\ControlHub.SharedKernel\Accounts\AccountErrorsCatalog.cs(14,36): warning CS8602: Dereference of a possibly null reference. [e:\Project\ControlHub\src\ControlHub.SharedKernel\ControlHub.SharedKernel.csproj]
e:\Project\ControlHub\src\ControlHub.SharedKernel\Accounts\AccountErrorsCatalog.cs(14,52): warning CS8602: Dereference of a possibly null reference. [e:\Project\ControlHub\src\ControlHub.SharedKernel\ControlHub.SharedKernel.csproj]
e:\Project\ControlHub\src\ControlHub.SharedKernel\Users\UserErrorsCatalog.cs(15,36): warning CS8602: Dereference of a possibly null reference. [e:\Project\ControlHub\src\ControlHub.SharedKernel\ControlHub.SharedKernel.csproj]
e:\Project\ControlHub\src\ControlHub.SharedKernel\Users\UserErrorsCatalog.cs(15,52): warning CS8602: Dereference of a possibly null reference. [e:\Project\ControlHub\src\ControlHub.SharedKernel\ControlHub.SharedKernel.csproj]
e:\Project\ControlHub\src\ControlHub.Domain\Roles\Role.cs(24,17): warning CS8618: Non-nullable property 'Name' must contain a non-null value when exiting constructor. Consider adding the 'required' modifier or declaring the property as nullable. [e:\Project\ControlHub\src\ControlHub.Domain\ControlHub.Domain.csproj]
e:\Project\ControlHub\src\ControlHub.Domain\Roles\Role.cs(24,17): warning CS8618: Non-nullable property 'Description' must contain a non-null value when exiting constructor. Consider adding the 'required' modifier or declaring the property as nullable. [e:\Project\ControlHub\src\ControlHub.Domain\ControlHub.Domain.csproj]
e:\Project\ControlHub\src\ControlHub.Domain\Accounts\Identifiers\ValidationRule.cs(16,17): warning CS8618: Non-nullable property 'ParametersJson' must contain a non-null value when exiting constructor. Consider adding the 'required' modifier or declaring the property as nullable. [e:\Project\ControlHub\src\ControlHub.Domain\ControlHub.Domain.csproj]
e:\Project\ControlHub\src\ControlHub.Domain\Accounts\Identifiers\IdentifierConfig.cs(20,17): warning CS8618: Non-nullable property 'Name' must contain a non-null value when exiting constructor. Consider adding the 'required' modifier or declaring the property as nullable. [e:\Project\ControlHub\src\ControlHub.Domain\ControlHub.Domain.csproj]
e:\Project\ControlHub\src\ControlHub.Domain\Accounts\Identifiers\IdentifierConfig.cs(20,17): warning CS8618: Non-nullable property 'Description' must contain a non-null value when exiting constructor. Consider adding the 'required' modifier or declaring the property as nullable. [e:\Project\ControlHub\src\ControlHub.Domain\ControlHub.Domain.csproj]
e:\Project\ControlHub\src\ControlHub.Domain\Accounts\Identifiers\Services\DynamicIdentifierValidator.cs(157,24): warning CS8603: Possible null reference return. [e:\Project\ControlHub\src\ControlHub.Domain\ControlHub.Domain.csproj]
e:\Project\ControlHub\src\ControlHub.Application\Users\Commands\UpdateUsername\UpdateUsernameCommandHandler.cs(59,43): warning CS8604: Possible null reference argument for parameter 'value' in 'Result<string> Result<string>.Success(string value)'. [e:\Project\ControlHub\src\ControlHub.Application\ControlHub.Application.csproj]
e:\Project\ControlHub\src\ControlHub.Application\Permissions\Commands\CreatePermissions\CreatePermissionsCommandHandler.cs(56,82): warning CS8604: Possible null reference argument for parameter 'description' in 'Result<Permission> Permission.Create(Guid id, string code, string description)'. [e:\Project\ControlHub\src\ControlHub.Application\ControlHub.Application.csproj]
e:\Project\ControlHub\src\ControlHub.Application\Common\Behaviors\ValidationBehavior.cs(65,72): warning CS8625: Cannot convert null literal to non-nullable reference type. [e:\Project\ControlHub\src\ControlHub.Application\ControlHub.Application.csproj]
e:\Project\ControlHub\src\ControlHub.Application\Roles\Commands\CreateRoles\CreateRolesCommandHandler.cs(55,33): warning CS8602: Dereference of a possibly null reference. [e:\Project\ControlHub\src\ControlHub.Application\ControlHub.Application.csproj]
e:\Project\ControlHub\src\ControlHub.Application\Roles\Commands\CreateRoles\CreateRolesCommandHandler.cs(132,81): warning CS8604: Possible null reference argument for parameter 'description' in 'Result<Role> CreateRoleWithPermissionsService.Handle(string name, string description, IEnumerable<Permission> validPermissions)'. [e:\Project\ControlHub\src\ControlHub.Application\ControlHub.Application.csproj]
e:\Project\ControlHub\src\ControlHub.Application\Accounts\Commands\ToggleIdentifierActive\ToggleIdentifierActiveCommandHandler.cs(24,13): error CS0103: The name '_logger' does not exist in the current context [e:\Project\ControlHub\src\ControlHub.Application\ControlHub.Application.csproj]
e:\Project\ControlHub\src\ControlHub.Application\Accounts\Commands\ToggleIdentifierActive\ToggleIdentifierActiveCommandHandler.cs(25,17): error CS0103: The name 'IdentifierConfigLogs' does not exist in the current context [e:\Project\ControlHub\src\ControlHub.Application\ControlHub.Application.csproj]
e:\Project\ControlHub\src\ControlHub.Application\Accounts\Commands\ToggleIdentifierActive\ToggleIdentifierActiveCommandHandler.cs(32,17): error CS0103: The name '_logger' does not exist in the current context [e:\Project\ControlHub\src\ControlHub.Application\ControlHub.Application.csproj]
e:\Project\ControlHub\src\ControlHub.Application\Accounts\Commands\ToggleIdentifierActive\ToggleIdentifierActiveCommandHandler.cs(33,21): error CS0103: The name 'IdentifierConfigLogs' does not exist in the current context [e:\Project\ControlHub\src\ControlHub.Application\ControlHub.Application.csproj]
e:\Project\ControlHub\src\ControlHub.Application\Accounts\Commands\ToggleIdentifierActive\ToggleIdentifierActiveCommandHandler.cs(51,13): error CS0103: The name '_logger' does not exist in the current context [e:\Project\ControlHub\src\ControlHub.Application\ControlHub.Application.csproj]
e:\Project\ControlHub\src\ControlHub.Application\Accounts\Commands\ToggleIdentifierActive\ToggleIdentifierActiveCommandHandler.cs(52,17): error CS0103: The name 'IdentifierConfigLogs' does not exist in the current context [e:\Project\ControlHub\src\ControlHub.Application\ControlHub.Application.csproj]
    16 Warning(s)
    6 Error(s)

Time Elapsed 00:00:01.65
